{
  "RSpec": {
    "coverage": {
      "/Users/mattpindell/turing/3mod/projects/api_curious/app/helpers/application_helper.rb": [
        1,
        null
      ],
      "/Users/mattpindell/turing/3mod/projects/api_curious/app/models/activity.rb": [
        1,
        1,
        null,
        1,
        null,
        1,
        5,
        4,
        4,
        4,
        null,
        null,
        1,
        1,
        null,
        null,
        1,
        1,
        null,
        null
      ],
      "/Users/mattpindell/turing/3mod/projects/api_curious/app/models/user_event.rb": [
        1,
        1,
        null,
        1,
        null,
        1,
        3,
        2,
        2,
        null,
        null,
        1,
        1,
        null,
        null,
        1,
        1,
        null,
        null
      ],
      "/Users/mattpindell/turing/3mod/projects/api_curious/app/models/organization.rb": [
        1,
        1,
        null,
        1,
        1,
        1,
        null,
        null,
        1,
        1,
        null,
        null
      ],
      "/Users/mattpindell/turing/3mod/projects/api_curious/app/models/repo.rb": [
        1,
        1,
        null,
        1,
        null,
        1,
        2,
        1,
        1,
        1,
        1,
        null,
        null,
        1,
        1,
        null,
        null
      ],
      "/Users/mattpindell/turing/3mod/projects/api_curious/app/models/user.rb": [
        1,
        1,
        null,
        null,
        1,
        11,
        11,
        null,
        11,
        11,
        11,
        11,
        11,
        11,
        11,
        11,
        null,
        null,
        1,
        1,
        1,
        null,
        null,
        null,
        1,
        1,
        1,
        null,
        null,
        null,
        1,
        0,
        0,
        null,
        null,
        null,
        1,
        1,
        1,
        null,
        null,
        null,
        1,
        3,
        null,
        null
      ],
      "/Users/mattpindell/turing/3mod/projects/api_curious/app/services/github_service.rb": [
        1,
        null,
        1,
        18,
        18,
        null,
        null,
        1,
        9,
        null,
        null,
        1,
        21,
        null,
        null,
        1,
        21,
        null,
        null,
        1,
        2,
        null,
        null,
        1,
        2,
        null,
        null,
        1,
        12,
        null,
        null,
        1,
        12,
        null,
        null,
        1,
        1,
        null,
        null,
        1,
        1,
        null,
        null,
        1,
        3,
        null,
        null,
        1,
        3,
        null,
        null,
        1,
        1,
        null,
        null,
        1,
        1,
        null,
        null,
        1,
        4,
        4,
        4,
        4,
        null,
        null,
        1,
        0,
        0,
        null,
        null,
        1,
        1,
        44,
        null,
        null,
        1,
        48,
        null,
        null
      ],
      "/Users/mattpindell/turing/3mod/projects/api_curious/app/services/github_oauth_service.rb": [
        1,
        null,
        1,
        4,
        null,
        null,
        1,
        0,
        null,
        null,
        null,
        null,
        0,
        null,
        null
      ],
      "/Users/mattpindell/turing/3mod/projects/api_curious/app/controllers/home_controller.rb": [
        1,
        null,
        1,
        4,
        2,
        null,
        null,
        null,
        1,
        1,
        0,
        0,
        null,
        1,
        1,
        null,
        null,
        null
      ],
      "/Users/mattpindell/turing/3mod/projects/api_curious/app/controllers/application_controller.rb": [
        1,
        null,
        null,
        1,
        1,
        null,
        1,
        7,
        null,
        null,
        null
      ],
      "/Users/mattpindell/turing/3mod/projects/api_curious/app/controllers/sessions_controller.rb": [
        1,
        1,
        null,
        1,
        0,
        null,
        null,
        1,
        2,
        2,
        2,
        null,
        null,
        1,
        0,
        0,
        null,
        null,
        1,
        1,
        4,
        null,
        null
      ],
      "/Users/mattpindell/turing/3mod/projects/api_curious/app/models/result.rb": [
        0,
        0,
        0,
        0,
        0,
        0,
        0,
        0,
        0,
        0
      ],
      "/Users/mattpindell/turing/3mod/projects/api_curious/app/models/search.rb": [
        0,
        0,
        0,
        0,
        0,
        0,
        0,
        0,
        0,
        0,
        0,
        0,
        0,
        0,
        0,
        0
      ]
    },
    "timestamp": 1464381812
  }
}
