{
  "RSpec": {
    "coverage": {
      "/Users/mattpindell/turing/3mod/projects/api_curious/app/helpers/application_helper.rb": [
        1,
        null
      ],
      "/Users/mattpindell/turing/3mod/projects/api_curious/app/models/repo.rb": [
        1,
        1,
        null,
        1,
        null,
        1,
        49,
        49,
        49,
        49,
        49,
        null,
        null,
        1,
        1,
        null,
        null
      ],
      "/Users/mattpindell/turing/3mod/projects/api_curious/app/models/user.rb": [
        1,
        1,
        null,
        null,
        1,
        9,
        9,
        null,
        9,
        9,
        9,
        9,
        9,
        null,
        9,
        9,
        9,
        null,
        null,
        1,
        1,
        48,
        null,
        null,
        null,
        1,
        1,
        30,
        null,
        null,
        null,
        1,
        0,
        0,
        null,
        null,
        null,
        1,
        1,
        30,
        null,
        null,
        null,
        1,
        1,
        null,
        null,
        null
      ],
      "/Users/mattpindell/turing/3mod/projects/api_curious/app/services/github_service.rb": [
        1,
        null,
        1,
        16,
        16,
        null,
        null,
        1,
        7,
        null,
        null,
        1,
        17,
        null,
        null,
        1,
        17,
        null,
        null,
        1,
        2,
        null,
        null,
        1,
        2,
        null,
        null,
        1,
        10,
        null,
        null,
        1,
        10,
        null,
        null,
        1,
        1,
        null,
        null,
        1,
        1,
        null,
        null,
        1,
        3,
        null,
        null,
        1,
        3,
        null,
        null,
        1,
        1,
        null,
        null,
        1,
        1,
        null,
        null,
        1,
        2,
        2,
        2,
        2,
        null,
        null,
        1,
        1,
        36,
        null,
        null,
        1,
        38,
        null,
        null
      ],
      "/Users/mattpindell/turing/3mod/projects/api_curious/app/controllers/application_controller.rb": [
        0,
        0,
        0,
        0,
        0,
        0,
        0
      ],
      "/Users/mattpindell/turing/3mod/projects/api_curious/app/controllers/home_controller.rb": [
        0,
        0,
        0,
        0,
        0,
        0,
        0,
        0,
        0
      ],
      "/Users/mattpindell/turing/3mod/projects/api_curious/app/controllers/sessions_controller.rb": [
        0,
        0,
        0,
        0,
        0,
        0,
        0,
        0,
        0,
        0,
        0,
        0,
        0,
        0,
        0,
        0,
        0,
        0,
        0,
        0,
        0,
        0,
        0
      ],
      "/Users/mattpindell/turing/3mod/projects/api_curious/app/services/github_oauth_service.rb": [
        0,
        0,
        0,
        0,
        0,
        0,
        0,
        0,
        0,
        0,
        0,
        0,
        0,
        0,
        0,
        0
      ]
    },
    "timestamp": 1464234074
  }
}
